\BOOKMARK [0][-]{chapter*.2}{\376\377\000W\000e\000l\000c\000o\000m\000e}{}% 1
\BOOKMARK [0][-]{chapter*.3}{\376\377\000T\000a\000b\000l\000e\000\040\000o\000f\000\040\000c\000o\000n\000t\000e\000n\000t}{}% 2
\BOOKMARK [0][-]{chapter.1}{\376\377\000I\000n\000t\000r\000o\000d\000u\000c\000t\000i\000o\000n}{}% 3
\BOOKMARK [0][-]{chapter.2}{\376\377\000P\000h\000y\000s\000i\000c\000a\000l\000\040\000r\000o\000a\000d\000\040\000i\000n\000f\000r\000a\000s\000t\000r\000u\000c\000t\000u\000r\000e}{}% 4
\BOOKMARK [1][-]{section.2.1}{\376\377\000D\000e\000d\000i\000c\000a\000t\000e\000d\000\040\000l\000a\000n\000e\000s\000\040\000f\000o\000r\000\040\000c\000o\000n\000n\000e\000c\000t\000e\000d\000\040\000a\000n\000d\000\040\000a\000u\000t\000o\000m\000a\000t\000e\000d\000\040\000v\000e\000h\000i\000c\000l\000e\000s\000\040\000\050\000C\000A\000V\000\051}{chapter.2}% 5
\BOOKMARK [1][-]{section.2.2}{\376\377\000O\000p\000e\000r\000a\000t\000i\000o\000n\000a\000l\000\040\000d\000e\000s\000i\000g\000n\000\040\000d\000o\000m\000a\000i\000n\000s}{chapter.2}% 6
\BOOKMARK [1][-]{section.2.3}{\376\377\000R\000a\000i\000l\000\040\000c\000r\000o\000s\000s\000i\000n\000g\000\040\000i\000n\000f\000o\000r\000m\000a\000t\000i\000o\000n\000\040\000s\000y\000s\000t\000e\000m}{chapter.2}% 7
\BOOKMARK [1][-]{section.2.4}{\376\377\000E\000l\000e\000c\000t\000r\000i\000c\000\040\000r\000o\000a\000d\000\040\000s\000y\000s\000t\000e\000m}{chapter.2}% 8
\BOOKMARK [1][-]{section.2.5}{\376\377\000H\000i\000g\000h\000\040\000o\000c\000c\000u\000p\000a\000n\000c\000y\000\040\000v\000e\000h\000i\000c\000l\000e\000\040\000a\000n\000d\000\040\000t\000o\000l\000l\000\040\000l\000a\000n\000e\000s}{chapter.2}% 9
\BOOKMARK [1][-]{section.2.6}{\376\377\000P\000u\000b\000l\000i\000c\000\040\000t\000r\000a\000n\000s\000p\000o\000r\000t\000\040\000p\000r\000i\000o\000r\000i\000t\000y\000\040\000s\000y\000s\000t\000e\000m\000s}{chapter.2}% 10
\BOOKMARK [1][-]{section.2.7}{\376\377\000T\000r\000a\000n\000s\000f\000o\000r\000m\000a\000t\000i\000o\000n\000\040\000o\000f\000\040\000p\000u\000b\000l\000i\000c\000\040\000s\000p\000a\000c\000e\000\040\000a\000n\000d\000\040\000d\000i\000g\000i\000t\000a\000l\000\040\000s\000o\000l\000u\000t\000i\000o\000n\000s}{chapter.2}% 11
\BOOKMARK [0][-]{chapter.3}{\376\377\000H\000i\000g\000h\000w\000a\000y\000\040\000i\000n\000f\000r\000a\000s\000t\000r\000u\000c\000t\000u\000r\000e\000\040\000m\000a\000n\000a\000g\000e\000m\000e\000n\000t}{}% 12
\BOOKMARK [1][-]{section.3.1}{\376\377\000U\000n\000m\000a\000n\000n\000e\000d\000\040\000a\000e\000r\000i\000a\000l\000\040\000v\000e\000h\000i\000c\000l\000e\000s\000\040\000f\000o\000r\000\040\000i\000n\000f\000r\000a\000s\000t\000r\000u\000c\000t\000u\000r\000e\000\040\000m\000a\000i\000n\000t\000e\000n\000a\000n\000c\000e}{chapter.3}% 13
\BOOKMARK [1][-]{section.3.2}{\376\377\000E\000l\000e\000c\000t\000r\000i\000c\000\040\000c\000h\000a\000r\000g\000i\000n\000g\000\040\000s\000t\000a\000t\000i\000o\000n\000s}{chapter.3}% 14
\BOOKMARK [0][-]{chapter.4}{\376\377\000T\000r\000a\000f\000f\000i\000c\000\040\000m\000a\000n\000a\000g\000e\000m\000e\000n\000t}{}% 15
\BOOKMARK [1][-]{section.4.1}{\376\377\000C\000o\000n\000g\000e\000s\000t\000i\000o\000n\000\040\000c\000h\000a\000r\000g\000i\000n\000g}{chapter.4}% 16
\BOOKMARK [1][-]{section.4.2}{\376\377\000P\000l\000a\000t\000o\000o\000n\000i\000n\000g}{chapter.4}% 17
\BOOKMARK [1][-]{section.4.3}{\376\377\000R\000e\000a\000l\000-\000t\000i\000m\000e\000\040\000t\000r\000a\000f\000f\000i\000c\000\040\000i\000n\000f\000o\000r\000m\000a\000t\000i\000o\000n\000\040\000a\000n\000d\000\040\000m\000o\000n\000i\000t\000o\000r\000i\000n\000g}{chapter.4}% 18
\BOOKMARK [1][-]{section.4.4}{\376\377\000C\000o\000o\000p\000e\000r\000a\000t\000i\000v\000e\000\040\000-\000\040\000i\000n\000t\000e\000l\000l\000i\000g\000e\000n\000t\000\040\000t\000r\000a\000n\000s\000p\000o\000r\000t\000\040\000s\000y\000s\000t\000e\000m}{chapter.4}% 19
\BOOKMARK [1][-]{section.4.5}{\376\377\000D\000y\000n\000a\000m\000i\000c\000\040\000r\000o\000u\000t\000e\000\040\000g\000u\000i\000d\000a\000n\000c\000e}{chapter.4}% 20
\BOOKMARK [1][-]{section.4.6}{\376\377\000V\000a\000r\000i\000a\000b\000l\000e\000\040\000s\000p\000e\000e\000d\000\040\000l\000i\000m\000i\000t\000s\000\040\000a\000n\000d\000\040\000d\000y\000n\000a\000m\000i\000c\000\040\000s\000i\000g\000n\000a\000g\000e\000\040\000s\000y\000s\000t\000e\000m}{chapter.4}% 21
\BOOKMARK [1][-]{section.4.7}{\376\377\000S\000m\000a\000r\000t\000\040\000t\000r\000a\000f\000f\000i\000c\000\040\000s\000i\000g\000n\000a\000l\000\040\000c\000o\000n\000t\000r\000o\000l}{chapter.4}% 22
\BOOKMARK [1][-]{section.4.8}{\376\377\000P\000a\000s\000s\000e\000n\000g\000e\000r\000s\000\040\000a\000n\000d\000\040\000g\000o\000o\000d\000s\000\040\000f\000l\000e\000e\000t\000\040\000m\000a\000n\000a\000g\000e\000m\000e\000n\000t}{chapter.4}% 23
\BOOKMARK [1][-]{section.4.9}{\376\377\000U\000r\000b\000a\000n\000\040\000a\000c\000c\000e\000s\000s\000\040\000m\000a\000n\000a\000g\000e\000m\000e\000n\000t}{chapter.4}% 24
\BOOKMARK [0][-]{chapter.5}{\376\377\000D\000i\000g\000i\000t\000a\000l\000\040\000r\000o\000a\000d\000\040\000i\000n\000f\000r\000a\000s\000t\000r\000u\000c\000t\000u\000r\000e\000\040\000a\000n\000d\000\040\000c\000o\000n\000n\000e\000c\000t\000i\000v\000i\000t\000y}{}% 25
\BOOKMARK [1][-]{section.5.1}{\376\377\000V\000e\000h\000i\000c\000l\000e\000\040\000t\000o\000\040\000e\000v\000e\000r\000y\000t\000h\000i\000n\000g\000\040\000c\000o\000m\000m\000u\000n\000i\000c\000a\000t\000i\000o\000n}{chapter.5}% 26
\BOOKMARK [1][-]{section.5.2}{\376\377\000I\000n\000f\000r\000a\000s\000t\000r\000u\000c\000t\000u\000r\000e\000\040\000s\000u\000p\000p\000o\000r\000t\000\040\000l\000e\000v\000e\000l\000s\000\040\000f\000o\000r\000\040\000a\000u\000t\000o\000m\000a\000t\000e\000d\000\040\000d\000r\000i\000v\000i\000n\000g}{chapter.5}% 27
\BOOKMARK [0][-]{chapter.6}{\376\377\000P\000a\000s\000s\000e\000n\000g\000e\000r\000\040\000i\000n\000f\000o\000r\000m\000a\000t\000i\000o\000n\000\040\000s\000y\000s\000t\000e\000m}{}% 28
\BOOKMARK [1][-]{section.6.1}{\376\377\000D\000i\000g\000i\000t\000a\000l\000\040\000j\000o\000u\000r\000n\000e\000y\000\040\000p\000l\000a\000n\000n\000e\000r}{chapter.6}% 29
\BOOKMARK [1][-]{section.6.2}{\376\377\000M\000u\000l\000t\000i\000m\000o\000d\000a\000l\000\040\000i\000n\000f\000o\000r\000m\000a\000t\000i\000o\000n\000\040\000a\000n\000d\000\040\000r\000o\000u\000t\000e\000\040\000p\000l\000a\000n\000n\000i\000n\000g}{chapter.6}% 30
\BOOKMARK [0][-]{chapter.7}{\376\377\000M\000u\000l\000t\000i\000m\000o\000d\000a\000l\000\040\000i\000n\000t\000e\000g\000r\000a\000t\000e\000d\000\040\000s\000y\000s\000t\000e\000m}{}% 31
\BOOKMARK [1][-]{section.7.1}{\376\377\000F\000i\000r\000s\000t\000-\000l\000a\000s\000t\000\040\000m\000i\000l\000e\000\040\000s\000o\000l\000u\000t\000i\000o\000n\000s}{chapter.7}% 32
\BOOKMARK [1][-]{section.7.2}{\376\377\000T\000r\000a\000n\000s\000i\000t\000\040\000f\000a\000r\000e\000s}{chapter.7}% 33
\BOOKMARK [1][-]{section.7.3}{\376\377\000M\000o\000b\000i\000l\000i\000t\000y\000\040\000a\000s\000\040\000a\000\040\000s\000e\000r\000v\000i\000c\000e\000\040\000\050\000M\000a\000a\000s\000\051}{chapter.7}% 34
\BOOKMARK [1][-]{section.7.4}{\376\377\000P\000a\000r\000k\000\040\000a\000n\000d\000\040\000r\000i\000d\000e}{chapter.7}% 35
\BOOKMARK [1][-]{section.7.5}{\376\377\000C\000o\000n\000t\000a\000c\000t\000l\000e\000s\000s\000\040\000p\000u\000b\000l\000i\000c\000\040\000t\000r\000a\000n\000s\000p\000o\000r\000t\000\040\000c\000a\000r\000d\000s}{chapter.7}% 36
\BOOKMARK [1][-]{section.7.6}{\376\377\000I\000n\000f\000o\000r\000m\000a\000t\000i\000o\000n\000\040\000a\000n\000d\000\040\000a\000s\000s\000i\000s\000t\000a\000n\000c\000e\000\040\000f\000o\000r\000\040\000p\000e\000o\000p\000l\000e\000\040\000w\000i\000t\000h\000\040\000s\000p\000e\000c\000i\000a\000l\000\040\000n\000e\000e\000d\000s}{chapter.7}% 37
\BOOKMARK [1][-]{section.7.7}{\376\377\000M\000o\000b\000i\000l\000i\000t\000y\000\040\000h\000u\000b\000s}{chapter.7}% 38
\BOOKMARK [1][-]{section.7.8}{\376\377\000R\000a\000i\000l\000\040\000t\000e\000l\000e\000m\000a\000t\000i\000c\000s\000\040\000f\000o\000r\000\040\000p\000a\000s\000s\000e\000n\000g\000e\000r\000s\000\040\000a\000n\000d\000\040\000f\000r\000e\000i\000g\000h\000t}{chapter.7}% 39
\BOOKMARK [0][-]{chapter.8}{\376\377\000A\000u\000t\000o\000m\000a\000t\000e\000d\000\040\000d\000r\000i\000v\000i\000n\000g}{}% 40
\BOOKMARK [1][-]{section.8.1}{\376\377\000A\000u\000t\000o\000m\000a\000t\000e\000d\000\040\000p\000a\000s\000s\000e\000n\000g\000e\000r\000\040\000c\000a\000r\000s}{chapter.8}% 41
\BOOKMARK [1][-]{section.8.2}{\376\377\000P\000a\000r\000k\000i\000n\000g\000\040\000i\000n\000f\000r\000a\000s\000t\000r\000u\000c\000t\000u\000r\000e\000\040\000f\000o\000r\000\040\000a\000u\000t\000o\000m\000a\000t\000e\000d\000\040\000v\000e\000h\000i\000c\000l\000e\000s}{chapter.8}% 42
\BOOKMARK [1][-]{section.8.3}{\376\377\000A\000u\000t\000o\000m\000a\000t\000e\000d\000\040\000r\000o\000a\000d\000\040\000f\000r\000e\000i\000g\000h\000t}{chapter.8}% 43
\BOOKMARK [1][-]{section.8.4}{\376\377\000A\000u\000t\000o\000m\000a\000t\000i\000c\000\040\000t\000r\000a\000i\000n\000\040\000o\000p\000e\000r\000a\000t\000i\000o\000n\000s}{chapter.8}% 44
\BOOKMARK [0][-]{chapter.9}{\376\377\000O\000n\000-\000b\000o\000a\000r\000d\000\040\000t\000e\000c\000h\000n\000o\000l\000o\000g\000y\000\040\000f\000o\000r\000\040\000c\000o\000n\000n\000e\000c\000t\000e\000d\000\040\000a\000n\000d\000\040\000a\000u\000t\000o\000m\000a\000t\000e\000d\000\040\000v\000e\000h\000i\000c\000l\000e\000s}{}% 45
\BOOKMARK [1][-]{section.9.1}{\376\377\000A\000d\000v\000a\000n\000c\000e\000d\000\040\000d\000r\000i\000v\000e\000r\000\040\000a\000s\000s\000i\000s\000t\000a\000n\000c\000e\000\040\000s\000y\000s\000t\000e\000m\000\040\000\050\000A\000D\000A\000S\000\051}{chapter.9}% 46
\BOOKMARK [1][-]{section.9.2}{\376\377\000P\000a\000r\000k\000i\000n\000g\000\040\000a\000s\000s\000i\000s\000t\000a\000n\000c\000e\000\040\000s\000y\000s\000t\000e\000m}{chapter.9}% 47
\BOOKMARK [1][-]{section.9.3}{\376\377\000L\000a\000n\000e\000\040\000k\000e\000e\000p\000i\000n\000g}{chapter.9}% 48
\BOOKMARK [1][-]{section.9.4}{\376\377\000D\000i\000g\000i\000t\000a\000l\000\040\000m\000a\000p\000s}{chapter.9}% 49
\BOOKMARK [1][-]{section.9.5}{\376\377\000E\000l\000e\000c\000t\000r\000o\000n\000i\000c\000\040\000h\000o\000r\000i\000z\000o\000n}{chapter.9}% 50
\BOOKMARK [1][-]{section.9.6}{\376\377\000E\000m\000e\000r\000g\000e\000n\000c\000y\000\040\000c\000a\000l\000l}{chapter.9}% 51
\BOOKMARK [0][-]{chapter.10}{\376\377\000F\000r\000e\000i\000g\000h\000t\000\040\000a\000n\000d\000\040\000c\000o\000m\000m\000e\000r\000c\000i\000a\000l\000\040\000t\000r\000a\000n\000s\000p\000o\000r\000t}{}% 52
\BOOKMARK [1][-]{section.10.1}{\376\377\000T\000r\000a\000c\000k\000i\000n\000g\000\040\000a\000n\000d\000\040\000t\000r\000a\000c\000i\000n\000g\000\040\000o\000f\000\040\000g\000o\000o\000d\000s}{chapter.10}% 53
\BOOKMARK [1][-]{section.10.2}{\376\377\000I\000n\000t\000e\000r\000m\000o\000d\000a\000l\000\040\000F\000r\000e\000i\000g\000h\000t}{chapter.10}% 54
\BOOKMARK [1][-]{section.10.3}{\376\377\000U\000r\000b\000a\000n\000\040\000D\000e\000l\000i\000v\000e\000r\000i\000e\000s}{chapter.10}% 55
\BOOKMARK [1][-]{section.10.4}{\376\377\000I\000n\000t\000e\000l\000l\000i\000g\000e\000n\000t\000\040\000t\000r\000u\000c\000k\000\040\000p\000a\000r\000k\000i\000n\000g}{chapter.10}% 56
\BOOKMARK [1][-]{section.10.5}{\376\377\000S\000m\000a\000r\000t\000\040\000d\000e\000l\000i\000v\000e\000r\000y\000\040\000s\000p\000a\000c\000e\000\040\000b\000o\000o\000k\000i\000n\000g}{chapter.10}% 57
\BOOKMARK [1][-]{section.10.6}{\376\377\000D\000e\000l\000i\000v\000e\000r\000y\000\040\000d\000r\000o\000n\000e\000s}{chapter.10}% 58
\BOOKMARK [1][-]{section.10.7}{\376\377\000E\000l\000e\000c\000t\000r\000i\000c\000\040\000v\000e\000h\000i\000c\000l\000e\000\040\000d\000e\000l\000i\000v\000e\000r\000y\000\040\000f\000l\000e\000e\000t\000s}{chapter.10}% 59
\BOOKMARK [1][-]{section.10.8}{\376\377\000M\000u\000l\000t\000i\000m\000o\000d\000a\000l\000\040\000t\000r\000a\000n\000s\000p\000o\000r\000t\000\040\000m\000a\000n\000a\000g\000e\000m\000e\000n\000t\000\040\000s\000y\000s\000t\000e\000m\000s}{chapter.10}% 60
\BOOKMARK [1][-]{section.10.9}{\376\377\000F\000r\000e\000i\000g\000h\000t\000\040\000h\000u\000b\000s}{chapter.10}% 61
\BOOKMARK [0][-]{chapter.11}{\376\377\000C\000o\000l\000l\000e\000c\000t\000i\000v\000e\000\040\000m\000o\000b\000i\000l\000i\000t\000y\000\040\000v\000e\000h\000i\000c\000l\000e\000s}{}% 62
\BOOKMARK [1][-]{section.11.1}{\376\377\000D\000e\000m\000a\000n\000d\000\040\000r\000e\000s\000p\000o\000n\000s\000i\000v\000e\000\040\000t\000r\000a\000n\000s\000i\000t}{chapter.11}% 63
\BOOKMARK [1][-]{section.11.2}{\376\377\000P\000e\000r\000s\000o\000n\000a\000l\000\040\000r\000a\000p\000i\000d\000\040\000t\000r\000a\000n\000s\000i\000t}{chapter.11}% 64
\BOOKMARK [1][-]{section.11.3}{\376\377\000B\000u\000s\000\040\000r\000a\000p\000i\000d\000\040\000t\000r\000a\000n\000s\000i\000t}{chapter.11}% 65
\BOOKMARK [1][-]{section.11.4}{\376\377\000L\000i\000g\000h\000t\000\040\000r\000a\000i\000l\000\040\000t\000r\000a\000n\000s\000i\000t}{chapter.11}% 66
\BOOKMARK [0][-]{chapter.12}{\376\377\000B\000i\000g\000\040\000d\000a\000t\000a}{}% 67
\BOOKMARK [1][-]{section.12.1}{\376\377\000W\000i\000r\000e\000l\000e\000s\000s\000\040\000c\000o\000m\000m\000u\000n\000i\000c\000a\000t\000i\000o\000n\000\040\000s\000y\000s\000t\000e\000m\000s\000\040\000i\000n\000\040\000t\000r\000a\000n\000s\000p\000o\000r\000t}{chapter.12}% 68
\BOOKMARK [1][-]{section.12.2}{\376\377\000B\000i\000g\000\040\000d\000a\000t\000a\000\040\000l\000i\000f\000e\000c\000y\000c\000l\000e}{chapter.12}% 69
\BOOKMARK [1][-]{section.12.3}{\376\377\000B\000i\000g\000\040\000d\000a\000t\000a\000\040\000t\000o\000o\000l\000s\000\040\000f\000o\000r\000\040\000m\000a\000p\000p\000i\000n\000g\000\040\000a\000n\000d\000\040\000f\000o\000r\000e\000c\000a\000s\000t\000i\000n\000g\000\040\000t\000r\000a\000v\000e\000l\000\040\000b\000e\000h\000a\000v\000i\000o\000u\000r}{chapter.12}% 70
\BOOKMARK [0][-]{chapter.13}{\376\377\000S\000h\000a\000r\000e\000d\000\040\000m\000o\000b\000i\000l\000i\000t\000y}{}% 71
\BOOKMARK [1][-]{section.13.1}{\376\377\000C\000a\000r\000\040\000s\000h\000a\000r\000i\000n\000g}{chapter.13}% 72
\BOOKMARK [1][-]{section.13.2}{\376\377\000B\000i\000c\000y\000c\000l\000e\000\040\000a\000n\000d\000\040\000e\000-\000b\000i\000c\000y\000c\000l\000e\000\040\000s\000h\000a\000r\000i\000n\000g}{chapter.13}% 73
\BOOKMARK [1][-]{section.13.3}{\376\377\000E\000-\000s\000c\000o\000o\000t\000e\000r\000s\000\040\000s\000h\000a\000r\000i\000n\000g}{chapter.13}% 74
\BOOKMARK [1][-]{section.13.4}{\376\377\000R\000i\000d\000e\000\040\000h\000a\000i\000l\000i\000n\000g\000\040\000a\000n\000d\000\040\000r\000i\000d\000e\000\040\000s\000h\000a\000r\000i\000n\000g}{chapter.13}% 75
\BOOKMARK [1][-]{section.13.5}{\376\377\000P\000a\000s\000s\000e\000n\000g\000e\000r\000\040\000d\000r\000o\000n\000e\000s}{chapter.13}% 76
\BOOKMARK [0][-]{chapter.14}{\376\377\000A\000l\000t\000e\000r\000n\000a\000t\000i\000v\000e\000\040\000p\000o\000w\000e\000r\000\040\000s\000o\000u\000r\000c\000e\000s}{}% 77
\BOOKMARK [1][-]{section.14.1}{\376\377\000H\000y\000d\000r\000o\000g\000e\000n\000\040\000f\000u\000e\000l\000\040\000c\000e\000l\000l}{chapter.14}% 78
\BOOKMARK [1][-]{section.14.2}{\376\377\000B\000a\000t\000t\000e\000r\000y\000\040\000e\000l\000e\000c\000t\000r\000i\000c}{chapter.14}% 79
\BOOKMARK [1][-]{section.14.3}{\376\377\000P\000l\000u\000g\000i\000n\000\040\000h\000y\000b\000r\000i\000d\000\040\000v\000e\000h\000i\000c\000l\000e\000s}{chapter.14}% 80
\BOOKMARK [0][-]{chapter.15}{\376\377\000R\000e\000f\000e\000r\000e\000n\000c\000e\000s}{}% 81
